<?xml version="1.0" encoding="utf-8"?><testsuites name="pytest tests"><testsuite name="pytest" errors="0" failures="0" skipped="0" tests="6" time="48.852" timestamp="2026-07-01T19:58:20.762739+00:00" hostname="agent-env-263b5404-c108-47cd-9757-63eaed2203ab"><testcase classname="tests.test_ideas_and_regression.TestIdeas" name="test_ideas_count6_variety" time="19.149" /><testcase classname="tests.test_ideas_and_regression.TestRegression" name="test_generate_ok" time="13.196" /><testcase classname="tests.test_ideas_and_regression.TestRegression" name="test_regenerate_ok" time="11.878" /><testcase classname="tests.test_ideas_and_regression.TestIdeas" name="test_ideas_empty_recent_offers" time="17.706" /><testcase classname="tests.test_ideas_and_regression.TestRegression" name="test_history_flow" time="0.248" /><testcase classname="tests.test_ideas_and_regression.TestIdeas" name="test_ideas_count3" time="11.492" /></testsuite></testsuites>